{"/Users/martingottweis/projects/enduro/libs/flat_utilities/enduro_helpers.js":{"path":"/Users/martingottweis/projects/enduro/libs/flat_utilities/enduro_helpers.js","s":{"1":1,"2":1,"3":1,"4":1,"5":1,"6":4,"7":4,"8":2,"9":1,"10":6,"11":6,"12":3,"13":1,"14":1,"15":1,"16":1,"17":1,"18":0,"19":1,"20":1},"b":{"1":[0,1]},"f":{"1":1,"2":4,"3":6,"4":1,"5":1,"6":1},"fnMap":{"1":{"name":"(anonymous_1)","line":7,"loc":{"start":{"line":7,"column":21},"end":{"line":7,"column":33}}},"2":{"name":"(anonymous_2)","line":14,"loc":{"start":{"line":14,"column":38},"end":{"line":14,"column":58}}},"3":{"name":"(anonymous_3)","line":22,"loc":{"start":{"line":22,"column":37},"end":{"line":22,"column":57}}},"4":{"name":"(anonymous_4)","line":30,"loc":{"start":{"line":30,"column":52},"end":{"line":30,"column":71}}},"5":{"name":"(anonymous_5)","line":32,"loc":{"start":{"line":32,"column":20},"end":{"line":32,"column":45}}},"6":{"name":"(anonymous_6)","line":33,"loc":{"start":{"line":33,"column":19},"end":{"line":33,"column":33}}}},"statementMap":{"1":{"start":{"line":7,"column":0},"end":{"line":7,"column":36}},"2":{"start":{"line":9,"column":0},"end":{"line":9,"column":22}},"3":{"start":{"line":10,"column":0},"end":{"line":10,"column":33}},"4":{"start":{"line":11,"column":0},"end":{"line":11,"column":30}},"5":{"start":{"line":14,"column":0},"end":{"line":19,"column":1}},"6":{"start":{"line":15,"column":1},"end":{"line":18,"column":29}},"7":{"start":{"line":16,"column":2},"end":{"line":16,"column":39}},"8":{"start":{"line":18,"column":15},"end":{"line":18,"column":28}},"9":{"start":{"line":22,"column":0},"end":{"line":27,"column":1}},"10":{"start":{"line":23,"column":1},"end":{"line":26,"column":29}},"11":{"start":{"line":24,"column":2},"end":{"line":24,"column":45}},"12":{"start":{"line":26,"column":15},"end":{"line":26,"column":28}},"13":{"start":{"line":30,"column":0},"end":{"line":39,"column":1}},"14":{"start":{"line":31,"column":1},"end":{"line":31,"column":43}},"15":{"start":{"line":32,"column":1},"end":{"line":38,"column":3}},"16":{"start":{"line":33,"column":2},"end":{"line":37,"column":4}},"17":{"start":{"line":34,"column":3},"end":{"line":34,"column":22}},"18":{"start":{"line":34,"column":12},"end":{"line":34,"column":21}},"19":{"start":{"line":35,"column":3},"end":{"line":35,"column":13}},"20":{"start":{"line":41,"column":0},"end":{"line":41,"column":37}}},"branchMap":{"1":{"line":34,"type":"if","locations":[{"start":{"line":34,"column":3},"end":{"line":34,"column":3}},{"start":{"line":34,"column":3},"end":{"line":34,"column":3}}]}}},"/Users/martingottweis/projects/enduro/index.js":{"path":"/Users/martingottweis/projects/enduro/index.js","s":{"1":1,"2":1,"3":1,"4":1,"5":1,"6":1,"7":1,"8":1,"9":1,"10":1,"11":1,"12":1,"13":1,"14":0,"15":0,"16":1,"17":1,"18":0,"19":0,"20":0,"21":0,"22":1,"23":2,"24":0,"25":2,"26":2,"27":3,"28":0,"29":0,"30":3,"31":0,"32":0,"33":3,"34":1,"35":1,"36":2,"37":0,"38":0,"39":2,"40":0,"41":0,"42":2,"43":0,"44":0,"45":2,"46":1,"47":1,"48":1,"49":1,"50":0,"51":0,"52":0,"53":0,"54":0,"55":0,"56":0,"57":0,"58":1,"59":0,"60":0,"61":1,"62":1,"63":1,"64":1},"b":{"1":[0,2],"2":[0,3],"3":[3,3],"4":[0,3],"5":[1,2],"6":[0,2],"7":[0,2],"8":[0,2],"9":[1,1],"10":[0,0]},"f":{"1":0,"2":0,"3":0,"4":0,"5":2,"6":0,"7":0,"8":0,"9":1},"fnMap":{"1":{"name":"(anonymous_1)","line":19,"loc":{"start":{"line":19,"column":16},"end":{"line":19,"column":34}}},"2":{"name":"(anonymous_2)","line":20,"loc":{"start":{"line":20,"column":8},"end":{"line":20,"column":18}}},"3":{"name":"(anonymous_3)","line":27,"loc":{"start":{"line":27,"column":24},"end":{"line":27,"column":36}}},"4":{"name":"(anonymous_4)","line":29,"loc":{"start":{"line":29,"column":9},"end":{"line":29,"column":19}}},"5":{"name":"run","line":43,"loc":{"start":{"line":43,"column":0},"end":{"line":43,"column":18}}},"6":{"name":"render","line":89,"loc":{"start":{"line":89,"column":0},"end":{"line":89,"column":25}}},"7":{"name":"developer_start","line":114,"loc":{"start":{"line":114,"column":0},"end":{"line":114,"column":26}}},"8":{"name":"(anonymous_8)","line":115,"loc":{"start":{"line":115,"column":8},"end":{"line":115,"column":18}}},"9":{"name":"silent","line":121,"loc":{"start":{"line":121,"column":0},"end":{"line":121,"column":17}}}},"statementMap":{"1":{"start":{"line":3,"column":0},"end":{"line":3,"column":50}},"2":{"start":{"line":5,"column":0},"end":{"line":5,"column":18}},"3":{"start":{"line":6,"column":0},"end":{"line":6,"column":33}},"4":{"start":{"line":8,"column":0},"end":{"line":8,"column":45}},"5":{"start":{"line":9,"column":0},"end":{"line":9,"column":48}},"6":{"start":{"line":10,"column":0},"end":{"line":10,"column":46}},"7":{"start":{"line":11,"column":0},"end":{"line":11,"column":52}},"8":{"start":{"line":12,"column":0},"end":{"line":12,"column":60}},"9":{"start":{"line":13,"column":0},"end":{"line":13,"column":50}},"10":{"start":{"line":14,"column":0},"end":{"line":14,"column":47}},"11":{"start":{"line":15,"column":0},"end":{"line":15,"column":53}},"12":{"start":{"line":18,"column":0},"end":{"line":18,"column":32}},"13":{"start":{"line":19,"column":0},"end":{"line":23,"column":2}},"14":{"start":{"line":20,"column":1},"end":{"line":22,"column":3}},"15":{"start":{"line":21,"column":2},"end":{"line":21,"column":12}},"16":{"start":{"line":26,"column":0},"end":{"line":26,"column":39}},"17":{"start":{"line":27,"column":0},"end":{"line":35,"column":2}},"18":{"start":{"line":28,"column":1},"end":{"line":34,"column":3}},"19":{"start":{"line":29,"column":2},"end":{"line":33,"column":4}},"20":{"start":{"line":30,"column":3},"end":{"line":32,"column":5}},"21":{"start":{"line":31,"column":4},"end":{"line":31,"column":8}},"22":{"start":{"line":43,"column":0},"end":{"line":79,"column":1}},"23":{"start":{"line":45,"column":1},"end":{"line":47,"column":2}},"24":{"start":{"line":46,"column":2},"end":{"line":46,"column":27}},"25":{"start":{"line":50,"column":1},"end":{"line":50,"column":20}},"26":{"start":{"line":51,"column":1},"end":{"line":71,"column":2}},"27":{"start":{"line":52,"column":2},"end":{"line":70,"column":3}},"28":{"start":{"line":53,"column":3},"end":{"line":53,"column":16}},"29":{"start":{"line":54,"column":3},"end":{"line":54,"column":18}},"30":{"start":{"line":55,"column":9},"end":{"line":70,"column":3}},"31":{"start":{"line":56,"column":3},"end":{"line":56,"column":16}},"32":{"start":{"line":57,"column":3},"end":{"line":57,"column":29}},"33":{"start":{"line":58,"column":9},"end":{"line":70,"column":3}},"34":{"start":{"line":59,"column":3},"end":{"line":59,"column":16}},"35":{"start":{"line":60,"column":3},"end":{"line":60,"column":28}},"36":{"start":{"line":61,"column":9},"end":{"line":70,"column":3}},"37":{"start":{"line":62,"column":3},"end":{"line":62,"column":16}},"38":{"start":{"line":63,"column":3},"end":{"line":63,"column":32}},"39":{"start":{"line":64,"column":9},"end":{"line":70,"column":3}},"40":{"start":{"line":65,"column":3},"end":{"line":65,"column":16}},"41":{"start":{"line":66,"column":3},"end":{"line":66,"column":30}},"42":{"start":{"line":67,"column":9},"end":{"line":70,"column":3}},"43":{"start":{"line":68,"column":3},"end":{"line":68,"column":16}},"44":{"start":{"line":69,"column":3},"end":{"line":69,"column":34}},"45":{"start":{"line":74,"column":1},"end":{"line":77,"column":2}},"46":{"start":{"line":75,"column":2},"end":{"line":75,"column":45}},"47":{"start":{"line":76,"column":2},"end":{"line":76,"column":14}},"48":{"start":{"line":78,"column":1},"end":{"line":78,"column":13}},"49":{"start":{"line":89,"column":0},"end":{"line":107,"column":1}},"50":{"start":{"line":90,"column":1},"end":{"line":90,"column":19}},"51":{"start":{"line":91,"column":1},"end":{"line":106,"column":4}},"52":{"start":{"line":93,"column":3},"end":{"line":93,"column":44}},"53":{"start":{"line":96,"column":3},"end":{"line":96,"column":37}},"54":{"start":{"line":99,"column":3},"end":{"line":99,"column":31}},"55":{"start":{"line":102,"column":3},"end":{"line":102,"column":20}},"56":{"start":{"line":103,"column":3},"end":{"line":105,"column":4}},"57":{"start":{"line":104,"column":4},"end":{"line":104,"column":14}},"58":{"start":{"line":114,"column":0},"end":{"line":118,"column":1}},"59":{"start":{"line":115,"column":1},"end":{"line":117,"column":3}},"60":{"start":{"line":116,"column":2},"end":{"line":116,"column":23}},"61":{"start":{"line":121,"column":0},"end":{"line":123,"column":1}},"62":{"start":{"line":122,"column":1},"end":{"line":122,"column":21}},"63":{"start":{"line":126,"column":0},"end":{"line":126,"column":17}},"64":{"start":{"line":127,"column":0},"end":{"line":127,"column":23}}},"branchMap":{"1":{"line":45,"type":"if","locations":[{"start":{"line":45,"column":1},"end":{"line":45,"column":1}},{"start":{"line":45,"column":1},"end":{"line":45,"column":1}}]},"2":{"line":52,"type":"if","locations":[{"start":{"line":52,"column":2},"end":{"line":52,"column":2}},{"start":{"line":52,"column":2},"end":{"line":52,"column":2}}]},"3":{"line":52,"type":"binary-expr","locations":[{"start":{"line":52,"column":5},"end":{"line":52,"column":20}},{"start":{"line":52,"column":24},"end":{"line":52,"column":34}}]},"4":{"line":55,"type":"if","locations":[{"start":{"line":55,"column":9},"end":{"line":55,"column":9}},{"start":{"line":55,"column":9},"end":{"line":55,"column":9}}]},"5":{"line":58,"type":"if","locations":[{"start":{"line":58,"column":9},"end":{"line":58,"column":9}},{"start":{"line":58,"column":9},"end":{"line":58,"column":9}}]},"6":{"line":61,"type":"if","locations":[{"start":{"line":61,"column":9},"end":{"line":61,"column":9}},{"start":{"line":61,"column":9},"end":{"line":61,"column":9}}]},"7":{"line":64,"type":"if","locations":[{"start":{"line":64,"column":9},"end":{"line":64,"column":9}},{"start":{"line":64,"column":9},"end":{"line":64,"column":9}}]},"8":{"line":67,"type":"if","locations":[{"start":{"line":67,"column":9},"end":{"line":67,"column":9}},{"start":{"line":67,"column":9},"end":{"line":67,"column":9}}]},"9":{"line":74,"type":"if","locations":[{"start":{"line":74,"column":1},"end":{"line":74,"column":1}},{"start":{"line":74,"column":1},"end":{"line":74,"column":1}}]},"10":{"line":103,"type":"if","locations":[{"start":{"line":103,"column":3},"end":{"line":103,"column":3}},{"start":{"line":103,"column":3},"end":{"line":103,"column":3}}]}}},"/Users/martingottweis/projects/enduro/libs/scaffolder.js":{"path":"/Users/martingottweis/projects/enduro/libs/scaffolder.js","s":{"1":1,"2":1,"3":1,"4":1,"5":1,"6":1,"7":1,"8":1,"9":0,"10":1,"11":1,"12":1,"13":1,"14":0,"15":1,"16":1,"17":1,"18":1,"19":1,"20":0,"21":0,"22":1,"23":1,"24":1,"25":1,"26":1,"27":1,"28":1,"29":1,"30":1},"b":{"1":[0,1],"2":[0,1],"3":[0,1]},"f":{"1":1,"2":1,"3":1,"4":1},"fnMap":{"1":{"name":"(anonymous_1)","line":13,"loc":{"start":{"line":13,"column":17},"end":{"line":13,"column":29}}},"2":{"name":"(anonymous_2)","line":15,"loc":{"start":{"line":15,"column":32},"end":{"line":15,"column":46}}},"3":{"name":"(anonymous_3)","line":16,"loc":{"start":{"line":16,"column":20},"end":{"line":16,"column":45}}},"4":{"name":"(anonymous_4)","line":41,"loc":{"start":{"line":41,"column":45},"end":{"line":41,"column":60}}}},"statementMap":{"1":{"start":{"line":8,"column":0},"end":{"line":8,"column":34}},"2":{"start":{"line":9,"column":0},"end":{"line":9,"column":29}},"3":{"start":{"line":10,"column":0},"end":{"line":10,"column":43}},"4":{"start":{"line":11,"column":0},"end":{"line":11,"column":63}},"5":{"start":{"line":13,"column":0},"end":{"line":13,"column":31}},"6":{"start":{"line":15,"column":0},"end":{"line":57,"column":1}},"7":{"start":{"line":16,"column":1},"end":{"line":56,"column":3}},"8":{"start":{"line":19,"column":2},"end":{"line":21,"column":3}},"9":{"start":{"line":20,"column":3},"end":{"line":20,"column":90}},"10":{"start":{"line":24,"column":2},"end":{"line":24,"column":27}},"11":{"start":{"line":26,"column":2},"end":{"line":26,"column":44}},"12":{"start":{"line":29,"column":2},"end":{"line":29,"column":50}},"13":{"start":{"line":32,"column":2},"end":{"line":34,"column":3}},"14":{"start":{"line":33,"column":3},"end":{"line":33,"column":60}},"15":{"start":{"line":36,"column":2},"end":{"line":36,"column":47}},"16":{"start":{"line":37,"column":2},"end":{"line":37,"column":56}},"17":{"start":{"line":38,"column":2},"end":{"line":38,"column":20}},"18":{"start":{"line":41,"column":2},"end":{"line":55,"column":5}},"19":{"start":{"line":42,"column":3},"end":{"line":46,"column":4}},"20":{"start":{"line":44,"column":4},"end":{"line":44,"column":12}},"21":{"start":{"line":45,"column":4},"end":{"line":45,"column":37}},"22":{"start":{"line":47,"column":3},"end":{"line":47,"column":51}},"23":{"start":{"line":48,"column":3},"end":{"line":48,"column":21}},"24":{"start":{"line":49,"column":3},"end":{"line":49,"column":63}},"25":{"start":{"line":50,"column":3},"end":{"line":50,"column":52}},"26":{"start":{"line":51,"column":3},"end":{"line":51,"column":36}},"27":{"start":{"line":52,"column":3},"end":{"line":52,"column":41}},"28":{"start":{"line":53,"column":3},"end":{"line":53,"column":20}},"29":{"start":{"line":54,"column":3},"end":{"line":54,"column":12}},"30":{"start":{"line":59,"column":0},"end":{"line":59,"column":33}}},"branchMap":{"1":{"line":19,"type":"if","locations":[{"start":{"line":19,"column":2},"end":{"line":19,"column":2}},{"start":{"line":19,"column":2},"end":{"line":19,"column":2}}]},"2":{"line":32,"type":"if","locations":[{"start":{"line":32,"column":2},"end":{"line":32,"column":2}},{"start":{"line":32,"column":2},"end":{"line":32,"column":2}}]},"3":{"line":42,"type":"if","locations":[{"start":{"line":42,"column":3},"end":{"line":42,"column":3}},{"start":{"line":42,"column":3},"end":{"line":42,"column":3}}]}}},"/Users/martingottweis/projects/enduro/libs/kiska_logger.js":{"path":"/Users/martingottweis/projects/enduro/libs/kiska_logger.js","s":{"1":1,"2":1,"3":1,"4":1,"5":1,"6":1,"7":1,"8":1,"9":11,"10":11,"11":1,"12":0,"13":1,"14":2,"15":1,"16":1,"17":1,"18":0,"19":0,"20":0,"21":1,"22":0,"23":0,"24":1,"25":0,"26":1,"27":0,"28":0,"29":1,"30":1,"31":1,"32":11,"33":1,"34":1,"35":1,"36":1,"37":16,"38":1},"b":{"1":[1,0],"2":[4,7],"3":[11,7]},"f":{"1":1,"2":1,"3":11,"4":0,"5":2,"6":1,"7":0,"8":0,"9":0,"10":0,"11":1,"12":11,"13":1,"14":16},"fnMap":{"1":{"name":"(anonymous_1)","line":7,"loc":{"start":{"line":7,"column":18},"end":{"line":7,"column":30}}},"2":{"name":"(anonymous_2)","line":19,"loc":{"start":{"line":19,"column":29},"end":{"line":19,"column":48}}},"3":{"name":"(anonymous_3)","line":25,"loc":{"start":{"line":25,"column":28},"end":{"line":25,"column":56}}},"4":{"name":"(anonymous_4)","line":31,"loc":{"start":{"line":31,"column":31},"end":{"line":31,"column":64}}},"5":{"name":"(anonymous_5)","line":36,"loc":{"start":{"line":36,"column":29},"end":{"line":36,"column":48}}},"6":{"name":"(anonymous_6)","line":41,"loc":{"start":{"line":41,"column":28},"end":{"line":41,"column":39}}},"7":{"name":"(anonymous_7)","line":51,"loc":{"start":{"line":51,"column":33},"end":{"line":51,"column":52}}},"8":{"name":"(anonymous_8)","line":58,"loc":{"start":{"line":58,"column":38},"end":{"line":58,"column":57}}},"9":{"name":"(anonymous_9)","line":64,"loc":{"start":{"line":64,"column":28},"end":{"line":64,"column":47}}},"10":{"name":"(anonymous_10)","line":69,"loc":{"start":{"line":69,"column":36},"end":{"line":69,"column":48}}},"11":{"name":"(anonymous_11)","line":75,"loc":{"start":{"line":75,"column":31},"end":{"line":75,"column":43}}},"12":{"name":"(anonymous_12)","line":83,"loc":{"start":{"line":83,"column":24},"end":{"line":83,"column":41}}},"13":{"name":"(anonymous_13)","line":88,"loc":{"start":{"line":88,"column":24},"end":{"line":88,"column":47}}},"14":{"name":"rep","line":94,"loc":{"start":{"line":94,"column":0},"end":{"line":94,"column":23}}}},"statementMap":{"1":{"start":{"line":7,"column":0},"end":{"line":7,"column":32}},"2":{"start":{"line":8,"column":0},"end":{"line":8,"column":28}},"3":{"start":{"line":11,"column":0},"end":{"line":11,"column":23}},"4":{"start":{"line":13,"column":0},"end":{"line":13,"column":22}},"5":{"start":{"line":19,"column":0},"end":{"line":22,"column":2}},"6":{"start":{"line":20,"column":1},"end":{"line":20,"column":30}},"7":{"start":{"line":21,"column":1},"end":{"line":21,"column":84}},"8":{"start":{"line":25,"column":0},"end":{"line":28,"column":2}},"9":{"start":{"line":26,"column":1},"end":{"line":26,"column":80}},"10":{"start":{"line":27,"column":1},"end":{"line":27,"column":37}},"11":{"start":{"line":31,"column":0},"end":{"line":33,"column":2}},"12":{"start":{"line":32,"column":1},"end":{"line":32,"column":120}},"13":{"start":{"line":36,"column":0},"end":{"line":38,"column":2}},"14":{"start":{"line":37,"column":1},"end":{"line":37,"column":56}},"15":{"start":{"line":41,"column":0},"end":{"line":43,"column":1}},"16":{"start":{"line":42,"column":1},"end":{"line":42,"column":56}},"17":{"start":{"line":51,"column":0},"end":{"line":55,"column":2}},"18":{"start":{"line":52,"column":1},"end":{"line":52,"column":48}},"19":{"start":{"line":53,"column":1},"end":{"line":53,"column":18}},"20":{"start":{"line":54,"column":1},"end":{"line":54,"column":48}},"21":{"start":{"line":58,"column":0},"end":{"line":61,"column":2}},"22":{"start":{"line":59,"column":1},"end":{"line":59,"column":10}},"23":{"start":{"line":60,"column":1},"end":{"line":60,"column":64}},"24":{"start":{"line":64,"column":0},"end":{"line":66,"column":2}},"25":{"start":{"line":65,"column":1},"end":{"line":65,"column":45}},"26":{"start":{"line":69,"column":0},"end":{"line":72,"column":2}},"27":{"start":{"line":70,"column":1},"end":{"line":70,"column":41}},"28":{"start":{"line":71,"column":1},"end":{"line":71,"column":10}},"29":{"start":{"line":75,"column":0},"end":{"line":77,"column":1}},"30":{"start":{"line":76,"column":1},"end":{"line":76,"column":16}},"31":{"start":{"line":83,"column":0},"end":{"line":85,"column":1}},"32":{"start":{"line":84,"column":1},"end":{"line":84,"column":43}},"33":{"start":{"line":88,"column":0},"end":{"line":91,"column":1}},"34":{"start":{"line":89,"column":1},"end":{"line":89,"column":52}},"35":{"start":{"line":90,"column":1},"end":{"line":90,"column":71}},"36":{"start":{"line":94,"column":0},"end":{"line":96,"column":1}},"37":{"start":{"line":95,"column":1},"end":{"line":95,"column":31}},"38":{"start":{"line":98,"column":0},"end":{"line":98,"column":34}}},"branchMap":{"1":{"line":20,"type":"binary-expr","locations":[{"start":{"line":20,"column":11},"end":{"line":20,"column":18}},{"start":{"line":20,"column":22},"end":{"line":20,"column":30}}]},"2":{"line":27,"type":"cond-expr","locations":[{"start":{"line":27,"column":20},"end":{"line":27,"column":32}},{"start":{"line":27,"column":35},"end":{"line":27,"column":37}}]},"3":{"line":27,"type":"binary-expr","locations":[{"start":{"line":27,"column":1},"end":{"line":27,"column":8}},{"start":{"line":27,"column":12},"end":{"line":27,"column":17}}]}}},"/Users/martingottweis/projects/enduro/libs/global_data.js":{"path":"/Users/martingottweis/projects/enduro/libs/global_data.js","s":{"1":1,"2":1,"3":1,"4":1,"5":1,"6":1,"7":1,"8":1,"9":1,"10":1,"11":0,"12":0,"13":0,"14":0,"15":0,"16":0,"17":0,"18":0,"19":0,"20":0,"21":0,"22":0,"23":0,"24":0,"25":0,"26":0,"27":0,"28":1},"b":{"1":[0,0],"2":[0,0]},"f":{"1":1,"2":0,"3":0,"4":0,"5":0},"fnMap":{"1":{"name":"(anonymous_1)","line":9,"loc":{"start":{"line":9,"column":17},"end":{"line":9,"column":29}}},"2":{"name":"(anonymous_2)","line":21,"loc":{"start":{"line":21,"column":37},"end":{"line":21,"column":47}}},"3":{"name":"(anonymous_3)","line":22,"loc":{"start":{"line":22,"column":20},"end":{"line":22,"column":45}}},"4":{"name":"(anonymous_4)","line":25,"loc":{"start":{"line":25,"column":20},"end":{"line":25,"column":42}}},"5":{"name":"(anonymous_5)","line":32,"loc":{"start":{"line":32,"column":21},"end":{"line":32,"column":46}}}},"statementMap":{"1":{"start":{"line":9,"column":0},"end":{"line":9,"column":31}},"2":{"start":{"line":11,"column":0},"end":{"line":11,"column":33}},"3":{"start":{"line":12,"column":0},"end":{"line":12,"column":28}},"4":{"start":{"line":13,"column":0},"end":{"line":13,"column":30}},"5":{"start":{"line":14,"column":0},"end":{"line":14,"column":26}},"6":{"start":{"line":15,"column":0},"end":{"line":15,"column":43}},"7":{"start":{"line":16,"column":0},"end":{"line":16,"column":63}},"8":{"start":{"line":17,"column":0},"end":{"line":17,"column":68}},"9":{"start":{"line":19,"column":0},"end":{"line":19,"column":47}},"10":{"start":{"line":21,"column":0},"end":{"line":62,"column":1}},"11":{"start":{"line":22,"column":1},"end":{"line":61,"column":3}},"12":{"start":{"line":25,"column":2},"end":{"line":60,"column":4}},"13":{"start":{"line":26,"column":3},"end":{"line":29,"column":4}},"14":{"start":{"line":27,"column":4},"end":{"line":27,"column":26}},"15":{"start":{"line":28,"column":4},"end":{"line":28,"column":12}},"16":{"start":{"line":32,"column":3},"end":{"line":59,"column":5}},"17":{"start":{"line":35,"column":4},"end":{"line":35,"column":57}},"18":{"start":{"line":38,"column":4},"end":{"line":38,"column":58}},"19":{"start":{"line":41,"column":4},"end":{"line":41,"column":17}},"20":{"start":{"line":42,"column":4},"end":{"line":53,"column":5}},"21":{"start":{"line":43,"column":5},"end":{"line":52,"column":8}},"22":{"start":{"line":46,"column":7},"end":{"line":46,"column":33}},"23":{"start":{"line":48,"column":7},"end":{"line":48,"column":57}},"24":{"start":{"line":49,"column":7},"end":{"line":49,"column":17}},"25":{"start":{"line":51,"column":7},"end":{"line":51,"column":17}},"26":{"start":{"line":57,"column":4},"end":{"line":57,"column":23}},"27":{"start":{"line":58,"column":4},"end":{"line":58,"column":13}},"28":{"start":{"line":64,"column":0},"end":{"line":64,"column":33}}},"branchMap":{"1":{"line":26,"type":"if","locations":[{"start":{"line":26,"column":3},"end":{"line":26,"column":3}},{"start":{"line":26,"column":3},"end":{"line":26,"column":3}}]},"2":{"line":42,"type":"if","locations":[{"start":{"line":42,"column":4},"end":{"line":42,"column":4}},{"start":{"line":42,"column":4},"end":{"line":42,"column":4}}]}}},"/Users/martingottweis/projects/enduro/libs/flat_utilities/flat_file_handler.js":{"path":"/Users/martingottweis/projects/enduro/libs/flat_utilities/flat_file_handler.js","s":{"1":1,"2":1,"3":1,"4":1,"5":1,"6":1,"7":1,"8":1,"9":0,"10":0,"11":0,"12":0,"13":0,"14":0,"15":0,"16":0,"17":1,"18":0,"19":0,"20":0,"21":0,"22":0,"23":0,"24":0,"25":0,"26":0,"27":1},"b":{"1":[0,0],"2":[0,0],"3":[0,0]},"f":{"1":1,"2":0,"3":0,"4":0,"5":0,"6":0,"7":0},"fnMap":{"1":{"name":"(anonymous_1)","line":13,"loc":{"start":{"line":13,"column":22},"end":{"line":13,"column":34}}},"2":{"name":"(anonymous_2)","line":18,"loc":{"start":{"line":18,"column":40},"end":{"line":18,"column":68}}},"3":{"name":"(anonymous_3)","line":19,"loc":{"start":{"line":19,"column":20},"end":{"line":19,"column":45}}},"4":{"name":"(anonymous_4)","line":28,"loc":{"start":{"line":28,"column":72},"end":{"line":28,"column":86}}},"5":{"name":"(anonymous_5)","line":36,"loc":{"start":{"line":36,"column":33},"end":{"line":36,"column":51}}},"6":{"name":"(anonymous_6)","line":37,"loc":{"start":{"line":37,"column":20},"end":{"line":37,"column":45}}},"7":{"name":"(anonymous_7)","line":47,"loc":{"start":{"line":47,"column":57},"end":{"line":47,"column":77}}}},"statementMap":{"1":{"start":{"line":6,"column":0},"end":{"line":6,"column":34}},"2":{"start":{"line":7,"column":0},"end":{"line":7,"column":22}},"3":{"start":{"line":8,"column":0},"end":{"line":8,"column":55}},"4":{"start":{"line":9,"column":0},"end":{"line":9,"column":48}},"5":{"start":{"line":10,"column":0},"end":{"line":10,"column":33}},"6":{"start":{"line":11,"column":0},"end":{"line":11,"column":49}},"7":{"start":{"line":13,"column":0},"end":{"line":13,"column":36}},"8":{"start":{"line":18,"column":0},"end":{"line":33,"column":1}},"9":{"start":{"line":19,"column":1},"end":{"line":32,"column":3}},"10":{"start":{"line":23,"column":2},"end":{"line":23,"column":29}},"11":{"start":{"line":25,"column":2},"end":{"line":25,"column":65}},"12":{"start":{"line":26,"column":2},"end":{"line":26,"column":80}},"13":{"start":{"line":28,"column":2},"end":{"line":31,"column":4}},"14":{"start":{"line":29,"column":3},"end":{"line":29,"column":24}},"15":{"start":{"line":29,"column":14},"end":{"line":29,"column":23}},"16":{"start":{"line":30,"column":4},"end":{"line":30,"column":13}},"17":{"start":{"line":36,"column":0},"end":{"line":53,"column":1}},"18":{"start":{"line":37,"column":1},"end":{"line":52,"column":3}},"19":{"start":{"line":41,"column":2},"end":{"line":41,"column":29}},"20":{"start":{"line":43,"column":2},"end":{"line":45,"column":3}},"21":{"start":{"line":44,"column":3},"end":{"line":44,"column":14}},"22":{"start":{"line":47,"column":2},"end":{"line":51,"column":4}},"23":{"start":{"line":48,"column":3},"end":{"line":48,"column":24}},"24":{"start":{"line":48,"column":14},"end":{"line":48,"column":23}},"25":{"start":{"line":49,"column":3},"end":{"line":49,"column":62}},"26":{"start":{"line":50,"column":3},"end":{"line":50,"column":19}},"27":{"start":{"line":56,"column":0},"end":{"line":56,"column":38}}},"branchMap":{"1":{"line":29,"type":"if","locations":[{"start":{"line":29,"column":3},"end":{"line":29,"column":3}},{"start":{"line":29,"column":3},"end":{"line":29,"column":3}}]},"2":{"line":43,"type":"if","locations":[{"start":{"line":43,"column":2},"end":{"line":43,"column":2}},{"start":{"line":43,"column":2},"end":{"line":43,"column":2}}]},"3":{"line":48,"type":"if","locations":[{"start":{"line":48,"column":3},"end":{"line":48,"column":3}},{"start":{"line":48,"column":3},"end":{"line":48,"column":3}}]}}},"/Users/martingottweis/projects/enduro/libs/helper_handler.js":{"path":"/Users/martingottweis/projects/enduro/libs/helper_handler.js","s":{"1":1,"2":1,"3":1,"4":1,"5":1,"6":1,"7":1,"8":1,"9":0,"10":0,"11":0,"12":0,"13":0,"14":0,"15":0,"16":0,"17":0,"18":0,"19":0,"20":0,"21":0,"22":1},"b":{"1":[0,0]},"f":{"1":1,"2":0,"3":0,"4":0,"5":0,"6":0},"fnMap":{"1":{"name":"(anonymous_1)","line":9,"loc":{"start":{"line":9,"column":20},"end":{"line":9,"column":32}}},"2":{"name":"(anonymous_2)","line":11,"loc":{"start":{"line":11,"column":38},"end":{"line":11,"column":48}}},"3":{"name":"(anonymous_3)","line":12,"loc":{"start":{"line":12,"column":20},"end":{"line":12,"column":45}}},"4":{"name":"(anonymous_4)","line":13,"loc":{"start":{"line":13,"column":26},"end":{"line":13,"column":48}}},"5":{"name":"(anonymous_5)","line":15,"loc":{"start":{"line":15,"column":21},"end":{"line":15,"column":46}}},"6":{"name":"(anonymous_6)","line":22,"loc":{"start":{"line":22,"column":6},"end":{"line":22,"column":16}}}},"statementMap":{"1":{"start":{"line":1,"column":0},"end":{"line":1,"column":34}},"2":{"start":{"line":2,"column":0},"end":{"line":2,"column":22}},"3":{"start":{"line":3,"column":0},"end":{"line":3,"column":28}},"4":{"start":{"line":4,"column":0},"end":{"line":4,"column":26}},"5":{"start":{"line":5,"column":0},"end":{"line":5,"column":43}},"6":{"start":{"line":7,"column":0},"end":{"line":7,"column":59}},"7":{"start":{"line":9,"column":0},"end":{"line":9,"column":34}},"8":{"start":{"line":11,"column":0},"end":{"line":28,"column":1}},"9":{"start":{"line":12,"column":1},"end":{"line":27,"column":3}},"10":{"start":{"line":13,"column":2},"end":{"line":26,"column":4}},"11":{"start":{"line":14,"column":3},"end":{"line":14,"column":39}},"12":{"start":{"line":14,"column":14},"end":{"line":14,"column":38}},"13":{"start":{"line":15,"column":3},"end":{"line":25,"column":5}},"14":{"start":{"line":16,"column":4},"end":{"line":16,"column":53}},"15":{"start":{"line":17,"column":4},"end":{"line":17,"column":29}},"16":{"start":{"line":18,"column":4},"end":{"line":18,"column":28}},"17":{"start":{"line":19,"column":4},"end":{"line":19,"column":51}},"18":{"start":{"line":20,"column":4},"end":{"line":20,"column":58}},"19":{"start":{"line":21,"column":4},"end":{"line":21,"column":14}},"20":{"start":{"line":23,"column":4},"end":{"line":23,"column":23}},"21":{"start":{"line":24,"column":4},"end":{"line":24,"column":13}},"22":{"start":{"line":30,"column":0},"end":{"line":30,"column":36}}},"branchMap":{"1":{"line":14,"type":"if","locations":[{"start":{"line":14,"column":3},"end":{"line":14,"column":3}},{"start":{"line":14,"column":3},"end":{"line":14,"column":3}}]}}},"/Users/martingottweis/projects/enduro/libs/components_handler.js":{"path":"/Users/martingottweis/projects/enduro/libs/components_handler.js","s":{"1":1,"2":1,"3":1,"4":1,"5":1,"6":1,"7":1,"8":1,"9":0,"10":0,"11":0,"12":0,"13":0,"14":0,"15":0,"16":0,"17":0,"18":0,"19":0,"20":0,"21":0,"22":0,"23":0,"24":0,"25":1},"b":{"1":[0,0],"2":[0,0]},"f":{"1":1,"2":0,"3":0,"4":0,"5":0,"6":0,"7":0},"fnMap":{"1":{"name":"(anonymous_1)","line":14,"loc":{"start":{"line":14,"column":23},"end":{"line":14,"column":35}}},"2":{"name":"(anonymous_2)","line":21,"loc":{"start":{"line":21,"column":44},"end":{"line":21,"column":54}}},"3":{"name":"(anonymous_3)","line":22,"loc":{"start":{"line":22,"column":20},"end":{"line":22,"column":45}}},"4":{"name":"(anonymous_4)","line":25,"loc":{"start":{"line":25,"column":26},"end":{"line":25,"column":48}}},"5":{"name":"(anonymous_5)","line":29,"loc":{"start":{"line":29,"column":21},"end":{"line":29,"column":46}}},"6":{"name":"(anonymous_6)","line":37,"loc":{"start":{"line":37,"column":30},"end":{"line":37,"column":50}}},"7":{"name":"(anonymous_7)","line":45,"loc":{"start":{"line":45,"column":6},"end":{"line":45,"column":16}}}},"statementMap":{"1":{"start":{"line":8,"column":0},"end":{"line":8,"column":34}},"2":{"start":{"line":9,"column":0},"end":{"line":9,"column":22}},"3":{"start":{"line":10,"column":0},"end":{"line":10,"column":28}},"4":{"start":{"line":11,"column":0},"end":{"line":11,"column":26}},"5":{"start":{"line":12,"column":0},"end":{"line":12,"column":43}},"6":{"start":{"line":14,"column":0},"end":{"line":14,"column":37}},"7":{"start":{"line":17,"column":0},"end":{"line":17,"column":57}},"8":{"start":{"line":21,"column":0},"end":{"line":53,"column":1}},"9":{"start":{"line":22,"column":1},"end":{"line":52,"column":3}},"10":{"start":{"line":25,"column":2},"end":{"line":51,"column":4}},"11":{"start":{"line":26,"column":3},"end":{"line":26,"column":48}},"12":{"start":{"line":26,"column":14},"end":{"line":26,"column":47}},"13":{"start":{"line":29,"column":3},"end":{"line":50,"column":5}},"14":{"start":{"line":32,"column":4},"end":{"line":32,"column":53}},"15":{"start":{"line":33,"column":4},"end":{"line":33,"column":29}},"16":{"start":{"line":34,"column":4},"end":{"line":34,"column":28}},"17":{"start":{"line":37,"column":4},"end":{"line":44,"column":6}},"18":{"start":{"line":38,"column":5},"end":{"line":38,"column":29}},"19":{"start":{"line":38,"column":16},"end":{"line":38,"column":28}},"20":{"start":{"line":41,"column":5},"end":{"line":41,"column":70}},"21":{"start":{"line":42,"column":5},"end":{"line":42,"column":62}},"22":{"start":{"line":43,"column":5},"end":{"line":43,"column":15}},"23":{"start":{"line":48,"column":4},"end":{"line":48,"column":23}},"24":{"start":{"line":49,"column":4},"end":{"line":49,"column":13}},"25":{"start":{"line":55,"column":0},"end":{"line":55,"column":39}}},"branchMap":{"1":{"line":26,"type":"if","locations":[{"start":{"line":26,"column":3},"end":{"line":26,"column":3}},{"start":{"line":26,"column":3},"end":{"line":26,"column":3}}]},"2":{"line":38,"type":"if","locations":[{"start":{"line":38,"column":5},"end":{"line":38,"column":5}},{"start":{"line":38,"column":5},"end":{"line":38,"column":5}}]}}},"/Users/martingottweis/projects/enduro/libs/enduro_render.js":{"path":"/Users/martingottweis/projects/enduro/libs/enduro_render.js","s":{"1":1,"2":1,"3":1,"4":1,"5":1,"6":1,"7":1,"8":1,"9":1,"10":1,"11":1,"12":0,"13":0,"14":0,"15":0,"16":0,"17":0,"18":0,"19":1,"20":0,"21":0,"22":0,"23":0,"24":0,"25":0,"26":0,"27":0,"28":0,"29":0,"30":0,"31":0,"32":0,"33":0,"34":0,"35":0,"36":0,"37":0,"38":1},"b":{"1":[0,0],"2":[0,0],"3":[0,0],"4":[0,0]},"f":{"1":1,"2":0,"3":0,"4":0,"5":0,"6":0,"7":0,"8":0,"9":0,"10":0},"fnMap":{"1":{"name":"(anonymous_1)","line":7,"loc":{"start":{"line":7,"column":19},"end":{"line":7,"column":31}}},"2":{"name":"(anonymous_2)","line":22,"loc":{"start":{"line":22,"column":32},"end":{"line":22,"column":42}}},"3":{"name":"(anonymous_3)","line":23,"loc":{"start":{"line":23,"column":20},"end":{"line":23,"column":45}}},"4":{"name":"(anonymous_4)","line":24,"loc":{"start":{"line":24,"column":38},"end":{"line":24,"column":60}}},"5":{"name":"(anonymous_5)","line":27,"loc":{"start":{"line":27,"column":21},"end":{"line":27,"column":46}}},"6":{"name":"(anonymous_6)","line":29,"loc":{"start":{"line":29,"column":6},"end":{"line":29,"column":16}}},"7":{"name":"renderFile","line":37,"loc":{"start":{"line":37,"column":0},"end":{"line":37,"column":35}}},"8":{"name":"(anonymous_8)","line":46,"loc":{"start":{"line":46,"column":27},"end":{"line":46,"column":47}}},"9":{"name":"(anonymous_9)","line":65,"loc":{"start":{"line":65,"column":11},"end":{"line":65,"column":21}}},"10":{"name":"(anonymous_10)","line":67,"loc":{"start":{"line":67,"column":70},"end":{"line":67,"column":84}}}},"statementMap":{"1":{"start":{"line":7,"column":0},"end":{"line":7,"column":33}},"2":{"start":{"line":9,"column":0},"end":{"line":9,"column":33}},"3":{"start":{"line":10,"column":0},"end":{"line":10,"column":22}},"4":{"start":{"line":11,"column":0},"end":{"line":11,"column":28}},"5":{"start":{"line":12,"column":0},"end":{"line":12,"column":26}},"6":{"start":{"line":13,"column":0},"end":{"line":13,"column":30}},"7":{"start":{"line":14,"column":0},"end":{"line":14,"column":63}},"8":{"start":{"line":15,"column":0},"end":{"line":15,"column":43}},"9":{"start":{"line":16,"column":0},"end":{"line":16,"column":68}},"10":{"start":{"line":19,"column":0},"end":{"line":19,"column":27}},"11":{"start":{"line":22,"column":0},"end":{"line":34,"column":1}},"12":{"start":{"line":23,"column":1},"end":{"line":33,"column":3}},"13":{"start":{"line":24,"column":2},"end":{"line":32,"column":4}},"14":{"start":{"line":25,"column":3},"end":{"line":25,"column":39}},"15":{"start":{"line":25,"column":14},"end":{"line":25,"column":38}},"16":{"start":{"line":27,"column":3},"end":{"line":31,"column":5}},"17":{"start":{"line":28,"column":4},"end":{"line":28,"column":30}},"18":{"start":{"line":30,"column":4},"end":{"line":30,"column":13}},"19":{"start":{"line":37,"column":0},"end":{"line":79,"column":1}},"20":{"start":{"line":41,"column":1},"end":{"line":41,"column":52}},"21":{"start":{"line":42,"column":1},"end":{"line":42,"column":26}},"22":{"start":{"line":43,"column":1},"end":{"line":43,"column":25}},"23":{"start":{"line":46,"column":1},"end":{"line":78,"column":3}},"24":{"start":{"line":47,"column":2},"end":{"line":47,"column":47}},"25":{"start":{"line":47,"column":13},"end":{"line":47,"column":46}},"26":{"start":{"line":50,"column":2},"end":{"line":50,"column":50}},"27":{"start":{"line":53,"column":2},"end":{"line":76,"column":5}},"28":{"start":{"line":56,"column":4},"end":{"line":58,"column":5}},"29":{"start":{"line":57,"column":5},"end":{"line":57,"column":34}},"30":{"start":{"line":61,"column":4},"end":{"line":61,"column":34}},"31":{"start":{"line":64,"column":4},"end":{"line":73,"column":7}},"32":{"start":{"line":67,"column":6},"end":{"line":72,"column":8}},"33":{"start":{"line":68,"column":7},"end":{"line":68,"column":52}},"34":{"start":{"line":68,"column":18},"end":{"line":68,"column":51}},"35":{"start":{"line":70,"column":7},"end":{"line":70,"column":56}},"36":{"start":{"line":71,"column":7},"end":{"line":71,"column":17}},"37":{"start":{"line":75,"column":4},"end":{"line":75,"column":78}},"38":{"start":{"line":81,"column":0},"end":{"line":81,"column":35}}},"branchMap":{"1":{"line":25,"type":"if","locations":[{"start":{"line":25,"column":3},"end":{"line":25,"column":3}},{"start":{"line":25,"column":3},"end":{"line":25,"column":3}}]},"2":{"line":47,"type":"if","locations":[{"start":{"line":47,"column":2},"end":{"line":47,"column":2}},{"start":{"line":47,"column":2},"end":{"line":47,"column":2}}]},"3":{"line":56,"type":"if","locations":[{"start":{"line":56,"column":4},"end":{"line":56,"column":4}},{"start":{"line":56,"column":4},"end":{"line":56,"column":4}}]},"4":{"line":68,"type":"if","locations":[{"start":{"line":68,"column":7},"end":{"line":68,"column":7}},{"start":{"line":68,"column":7},"end":{"line":68,"column":7}}]}}},"/Users/martingottweis/projects/enduro/libs/kiska_guard.js":{"path":"/Users/martingottweis/projects/enduro/libs/kiska_guard.js","s":{"1":1,"2":1,"3":1,"4":1,"5":1,"6":1,"7":1,"8":1,"9":0,"10":0,"11":1,"12":0,"13":0,"14":0,"15":0,"16":0,"17":0,"18":0,"19":0,"20":0,"21":1,"22":0,"23":0,"24":0,"25":0,"26":0,"27":0,"28":0,"29":0,"30":0,"31":0,"32":0,"33":1},"b":{"1":[0,0],"2":[0,0],"3":[0,0],"4":[0,0],"5":[0,0],"6":[0,0]},"f":{"1":1,"2":0,"3":0,"4":0,"5":0,"6":0,"7":0,"8":0},"fnMap":{"1":{"name":"(anonymous_1)","line":15,"loc":{"start":{"line":15,"column":17},"end":{"line":15,"column":29}}},"2":{"name":"(anonymous_2)","line":19,"loc":{"start":{"line":19,"column":29},"end":{"line":19,"column":42}}},"3":{"name":"(anonymous_3)","line":20,"loc":{"start":{"line":20,"column":20},"end":{"line":20,"column":45}}},"4":{"name":"(anonymous_4)","line":29,"loc":{"start":{"line":29,"column":35},"end":{"line":29,"column":49}}},"5":{"name":"(anonymous_5)","line":30,"loc":{"start":{"line":30,"column":20},"end":{"line":30,"column":45}}},"6":{"name":"(anonymous_6)","line":40,"loc":{"start":{"line":40,"column":38},"end":{"line":40,"column":52}}},"7":{"name":"verify","line":48,"loc":{"start":{"line":48,"column":0},"end":{"line":48,"column":47}}},"8":{"name":"read","line":58,"loc":{"start":{"line":58,"column":26},"end":{"line":58,"column":51}}}},"statementMap":{"1":{"start":{"line":9,"column":0},"end":{"line":9,"column":34}},"2":{"start":{"line":10,"column":0},"end":{"line":10,"column":22}},"3":{"start":{"line":11,"column":0},"end":{"line":11,"column":43}},"4":{"start":{"line":12,"column":0},"end":{"line":12,"column":43}},"5":{"start":{"line":13,"column":0},"end":{"line":13,"column":63}},"6":{"start":{"line":15,"column":0},"end":{"line":15,"column":31}},"7":{"start":{"line":17,"column":0},"end":{"line":17,"column":34}},"8":{"start":{"line":19,"column":0},"end":{"line":27,"column":1}},"9":{"start":{"line":20,"column":1},"end":{"line":26,"column":3}},"10":{"start":{"line":22,"column":2},"end":{"line":24,"column":53}},"11":{"start":{"line":29,"column":0},"end":{"line":46,"column":1}},"12":{"start":{"line":30,"column":1},"end":{"line":45,"column":3}},"13":{"start":{"line":33,"column":2},"end":{"line":35,"column":3}},"14":{"start":{"line":34,"column":3},"end":{"line":34,"column":92}},"15":{"start":{"line":38,"column":2},"end":{"line":38,"column":47}},"16":{"start":{"line":40,"column":2},"end":{"line":44,"column":5}},"17":{"start":{"line":41,"column":3},"end":{"line":41,"column":43}},"18":{"start":{"line":41,"column":13},"end":{"line":41,"column":41}},"19":{"start":{"line":42,"column":3},"end":{"line":42,"column":50}},"20":{"start":{"line":43,"column":3},"end":{"line":43,"column":13}},"21":{"start":{"line":48,"column":0},"end":{"line":71,"column":1}},"22":{"start":{"line":51,"column":1},"end":{"line":55,"column":2}},"23":{"start":{"line":52,"column":2},"end":{"line":52,"column":31}},"24":{"start":{"line":53,"column":2},"end":{"line":53,"column":11}},"25":{"start":{"line":54,"column":2},"end":{"line":54,"column":8}},"26":{"start":{"line":58,"column":1},"end":{"line":70,"column":4}},"27":{"start":{"line":59,"column":2},"end":{"line":59,"column":42}},"28":{"start":{"line":59,"column":12},"end":{"line":59,"column":40}},"29":{"start":{"line":62,"column":2},"end":{"line":69,"column":3}},"30":{"start":{"line":63,"column":3},"end":{"line":63,"column":32}},"31":{"start":{"line":64,"column":3},"end":{"line":64,"column":12}},"32":{"start":{"line":68,"column":3},"end":{"line":68,"column":11}},"33":{"start":{"line":73,"column":0},"end":{"line":73,"column":33}}},"branchMap":{"1":{"line":22,"type":"cond-expr","locations":[{"start":{"line":23,"column":5},"end":{"line":23,"column":14}},{"start":{"line":24,"column":5},"end":{"line":24,"column":53}}]},"2":{"line":33,"type":"if","locations":[{"start":{"line":33,"column":2},"end":{"line":33,"column":2}},{"start":{"line":33,"column":2},"end":{"line":33,"column":2}}]},"3":{"line":41,"type":"if","locations":[{"start":{"line":41,"column":3},"end":{"line":41,"column":3}},{"start":{"line":41,"column":3},"end":{"line":41,"column":3}}]},"4":{"line":51,"type":"if","locations":[{"start":{"line":51,"column":1},"end":{"line":51,"column":1}},{"start":{"line":51,"column":1},"end":{"line":51,"column":1}}]},"5":{"line":59,"type":"if","locations":[{"start":{"line":59,"column":2},"end":{"line":59,"column":2}},{"start":{"line":59,"column":2},"end":{"line":59,"column":2}}]},"6":{"line":62,"type":"if","locations":[{"start":{"line":62,"column":2},"end":{"line":62,"column":2}},{"start":{"line":62,"column":2},"end":{"line":62,"column":2}}]}}},"/Users/martingottweis/projects/enduro/libs/build_utils/js_build.js":{"path":"/Users/martingottweis/projects/enduro/libs/build_utils/js_build.js","s":{"1":1,"2":1,"3":1,"4":1,"5":1,"6":1,"7":0,"8":0,"9":0,"10":0,"11":0,"12":0,"13":0,"14":0,"15":0,"16":0,"17":0,"18":0,"19":1},"b":{"1":[0,0],"2":[0,0]},"f":{"1":1,"2":0,"3":0,"4":0,"5":0},"fnMap":{"1":{"name":"(anonymous_1)","line":6,"loc":{"start":{"line":6,"column":15},"end":{"line":6,"column":27}}},"2":{"name":"(anonymous_2)","line":14,"loc":{"start":{"line":14,"column":30},"end":{"line":14,"column":52}}},"3":{"name":"(anonymous_3)","line":26,"loc":{"start":{"line":26,"column":20},"end":{"line":26,"column":45}}},"4":{"name":"(anonymous_4)","line":35,"loc":{"start":{"line":35,"column":23},"end":{"line":35,"column":46}}},"5":{"name":"(anonymous_5)","line":39,"loc":{"start":{"line":39,"column":5},"end":{"line":39,"column":18}}}},"statementMap":{"1":{"start":{"line":6,"column":0},"end":{"line":6,"column":30}},"2":{"start":{"line":8,"column":0},"end":{"line":8,"column":33}},"3":{"start":{"line":9,"column":0},"end":{"line":9,"column":30}},"4":{"start":{"line":10,"column":0},"end":{"line":10,"column":64}},"5":{"start":{"line":11,"column":0},"end":{"line":11,"column":44}},"6":{"start":{"line":14,"column":0},"end":{"line":44,"column":1}},"7":{"start":{"line":16,"column":1},"end":{"line":18,"column":35}},"8":{"start":{"line":20,"column":1},"end":{"line":20,"column":70}},"9":{"start":{"line":22,"column":1},"end":{"line":24,"column":2}},"10":{"start":{"line":23,"column":2},"end":{"line":23,"column":80}},"11":{"start":{"line":26,"column":1},"end":{"line":43,"column":3}},"12":{"start":{"line":27,"column":2},"end":{"line":33,"column":4}},"13":{"start":{"line":35,"column":2},"end":{"line":42,"column":5}},"14":{"start":{"line":36,"column":3},"end":{"line":36,"column":29}},"15":{"start":{"line":37,"column":3},"end":{"line":37,"column":7}},"16":{"start":{"line":38,"column":3},"end":{"line":38,"column":13}},"17":{"start":{"line":40,"column":3},"end":{"line":40,"column":19}},"18":{"start":{"line":41,"column":3},"end":{"line":41,"column":12}},"19":{"start":{"line":46,"column":0},"end":{"line":46,"column":31}}},"branchMap":{"1":{"line":16,"type":"cond-expr","locations":[{"start":{"line":17,"column":4},"end":{"line":17,"column":20}},{"start":{"line":18,"column":4},"end":{"line":18,"column":35}}]},"2":{"line":22,"type":"if","locations":[{"start":{"line":22,"column":1},"end":{"line":22,"column":1}},{"start":{"line":22,"column":1},"end":{"line":22,"column":1}}]}}},"/Users/martingottweis/projects/enduro/gulpfile.js":{"path":"/Users/martingottweis/projects/enduro/gulpfile.js","s":{"1":1,"2":1,"3":1,"4":1,"5":1,"6":1,"7":1,"8":1,"9":1,"10":1,"11":1,"12":1,"13":1,"14":1,"15":1,"16":1,"17":1,"18":1,"19":1,"20":1,"21":0,"22":1,"23":0,"24":0,"25":0,"26":0,"27":0,"28":0,"29":0,"30":0,"31":0,"32":0,"33":0,"34":0,"35":0,"36":0,"37":0,"38":0,"39":0,"40":0,"41":0,"42":0,"43":0,"44":0,"45":0,"46":0,"47":0,"48":0,"49":1,"50":0,"51":0,"52":0,"53":0,"54":0,"55":1,"56":0,"57":0,"58":0,"59":1,"60":0,"61":1,"62":0,"63":1,"64":0,"65":1,"66":0,"67":1,"68":0,"69":1,"70":0,"71":0,"72":0,"73":0,"74":0,"75":1,"76":0,"77":1,"78":1,"79":1,"80":1},"b":{"1":[0,0],"2":[0,0],"3":[0,0]},"f":{"1":1,"2":0,"3":0,"4":0,"5":0,"6":0,"7":0,"8":0,"9":0,"10":0,"11":0,"12":0,"13":0,"14":0,"15":0,"16":0,"17":0},"fnMap":{"1":{"name":"(anonymous_1)","line":19,"loc":{"start":{"line":19,"column":18},"end":{"line":19,"column":38}}},"2":{"name":"(anonymous_2)","line":23,"loc":{"start":{"line":23,"column":21},"end":{"line":23,"column":33}}},"3":{"name":"(anonymous_3)","line":31,"loc":{"start":{"line":31,"column":35},"end":{"line":31,"column":46}}},"4":{"name":"(anonymous_4)","line":36,"loc":{"start":{"line":36,"column":15},"end":{"line":36,"column":40}}},"5":{"name":"(anonymous_5)","line":62,"loc":{"start":{"line":62,"column":107},"end":{"line":62,"column":118}}},"6":{"name":"(anonymous_6)","line":74,"loc":{"start":{"line":74,"column":35},"end":{"line":74,"column":46}}},"7":{"name":"(anonymous_7)","line":79,"loc":{"start":{"line":79,"column":15},"end":{"line":79,"column":28}}},"8":{"name":"(anonymous_8)","line":98,"loc":{"start":{"line":98,"column":23},"end":{"line":98,"column":34}}},"9":{"name":"(anonymous_9)","line":117,"loc":{"start":{"line":117,"column":16},"end":{"line":117,"column":27}}},"10":{"name":"(anonymous_10)","line":128,"loc":{"start":{"line":128,"column":17},"end":{"line":128,"column":28}}},"11":{"name":"(anonymous_11)","line":137,"loc":{"start":{"line":137,"column":20},"end":{"line":137,"column":31}}},"12":{"name":"(anonymous_12)","line":146,"loc":{"start":{"line":146,"column":19},"end":{"line":146,"column":30}}},"13":{"name":"(anonymous_13)","line":157,"loc":{"start":{"line":157,"column":25},"end":{"line":157,"column":36}}},"14":{"name":"(anonymous_14)","line":174,"loc":{"start":{"line":174,"column":22},"end":{"line":174,"column":32}}},"15":{"name":"(anonymous_15)","line":187,"loc":{"start":{"line":187,"column":16},"end":{"line":187,"column":42}}},"16":{"name":"(anonymous_16)","line":188,"loc":{"start":{"line":188,"column":23},"end":{"line":188,"column":38}}},"17":{"name":"(anonymous_17)","line":201,"loc":{"start":{"line":201,"column":27},"end":{"line":201,"column":37}}}},"statementMap":{"1":{"start":{"line":1,"column":0},"end":{"line":1,"column":26}},"2":{"start":{"line":2,"column":0},"end":{"line":2,"column":33}},"3":{"start":{"line":3,"column":0},"end":{"line":3,"column":50}},"4":{"start":{"line":4,"column":0},"end":{"line":4,"column":31}},"5":{"start":{"line":5,"column":0},"end":{"line":5,"column":24}},"6":{"start":{"line":6,"column":0},"end":{"line":6,"column":22}},"7":{"start":{"line":7,"column":0},"end":{"line":7,"column":47}},"8":{"start":{"line":8,"column":0},"end":{"line":8,"column":48}},"9":{"start":{"line":9,"column":0},"end":{"line":9,"column":40}},"10":{"start":{"line":10,"column":0},"end":{"line":10,"column":45}},"11":{"start":{"line":11,"column":0},"end":{"line":11,"column":43}},"12":{"start":{"line":12,"column":0},"end":{"line":12,"column":41}},"13":{"start":{"line":13,"column":0},"end":{"line":13,"column":47}},"14":{"start":{"line":14,"column":0},"end":{"line":14,"column":39}},"15":{"start":{"line":15,"column":0},"end":{"line":15,"column":47}},"16":{"start":{"line":16,"column":0},"end":{"line":16,"column":44}},"17":{"start":{"line":17,"column":0},"end":{"line":17,"column":49}},"18":{"start":{"line":19,"column":0},"end":{"line":21,"column":1}},"19":{"start":{"line":20,"column":1},"end":{"line":20,"column":31}},"20":{"start":{"line":23,"column":0},"end":{"line":25,"column":1}},"21":{"start":{"line":24,"column":1},"end":{"line":24,"column":35}},"22":{"start":{"line":31,"column":0},"end":{"line":65,"column":3}},"23":{"start":{"line":33,"column":1},"end":{"line":48,"column":4}},"24":{"start":{"line":37,"column":4},"end":{"line":40,"column":5}},"25":{"start":{"line":37,"column":30},"end":{"line":37,"column":60}},"26":{"start":{"line":38,"column":9},"end":{"line":40,"column":5}},"27":{"start":{"line":39,"column":5},"end":{"line":39,"column":23}},"28":{"start":{"line":41,"column":4},"end":{"line":41,"column":17}},"29":{"start":{"line":50,"column":1},"end":{"line":51,"column":46}},"30":{"start":{"line":51,"column":12},"end":{"line":51,"column":44}},"31":{"start":{"line":52,"column":1},"end":{"line":52,"column":68}},"32":{"start":{"line":52,"column":49},"end":{"line":52,"column":66}},"33":{"start":{"line":53,"column":1},"end":{"line":53,"column":70}},"34":{"start":{"line":53,"column":50},"end":{"line":53,"column":68}},"35":{"start":{"line":54,"column":1},"end":{"line":54,"column":76}},"36":{"start":{"line":54,"column":53},"end":{"line":54,"column":74}},"37":{"start":{"line":55,"column":1},"end":{"line":55,"column":74}},"38":{"start":{"line":55,"column":52},"end":{"line":55,"column":72}},"39":{"start":{"line":56,"column":1},"end":{"line":56,"column":80}},"40":{"start":{"line":56,"column":59},"end":{"line":56,"column":78}},"41":{"start":{"line":57,"column":1},"end":{"line":57,"column":82}},"42":{"start":{"line":57,"column":57},"end":{"line":57,"column":80}},"43":{"start":{"line":58,"column":1},"end":{"line":58,"column":72}},"44":{"start":{"line":58,"column":49},"end":{"line":58,"column":70}},"45":{"start":{"line":59,"column":1},"end":{"line":59,"column":91}},"46":{"start":{"line":59,"column":61},"end":{"line":59,"column":89}},"47":{"start":{"line":62,"column":1},"end":{"line":64,"column":3}},"48":{"start":{"line":63,"column":2},"end":{"line":63,"column":30}},"49":{"start":{"line":74,"column":0},"end":{"line":92,"column":3}},"50":{"start":{"line":75,"column":1},"end":{"line":91,"column":29}},"51":{"start":{"line":80,"column":3},"end":{"line":80,"column":42}},"52":{"start":{"line":81,"column":3},"end":{"line":81,"column":27}},"53":{"start":{"line":82,"column":3},"end":{"line":82,"column":28}},"54":{"start":{"line":83,"column":3},"end":{"line":83,"column":20}},"55":{"start":{"line":98,"column":0},"end":{"line":110,"column":2}},"56":{"start":{"line":99,"column":1},"end":{"line":109,"column":2}},"57":{"start":{"line":100,"column":2},"end":{"line":105,"column":7}},"58":{"start":{"line":108,"column":2},"end":{"line":108,"column":65}},"59":{"start":{"line":117,"column":0},"end":{"line":122,"column":2}},"60":{"start":{"line":119,"column":1},"end":{"line":120,"column":50}},"61":{"start":{"line":128,"column":0},"end":{"line":131,"column":2}},"62":{"start":{"line":129,"column":1},"end":{"line":130,"column":51}},"63":{"start":{"line":137,"column":0},"end":{"line":140,"column":2}},"64":{"start":{"line":138,"column":1},"end":{"line":139,"column":54}},"65":{"start":{"line":146,"column":0},"end":{"line":149,"column":2}},"66":{"start":{"line":147,"column":1},"end":{"line":148,"column":53}},"67":{"start":{"line":157,"column":0},"end":{"line":168,"column":2}},"68":{"start":{"line":158,"column":1},"end":{"line":167,"column":31}},"69":{"start":{"line":174,"column":0},"end":{"line":195,"column":3}},"70":{"start":{"line":175,"column":1},"end":{"line":194,"column":44}},"71":{"start":{"line":188,"column":3},"end":{"line":191,"column":5}},"72":{"start":{"line":189,"column":4},"end":{"line":189,"column":64}},"73":{"start":{"line":190,"column":4},"end":{"line":190,"column":17}},"74":{"start":{"line":192,"column":3},"end":{"line":192,"column":90}},"75":{"start":{"line":201,"column":0},"end":{"line":206,"column":3}},"76":{"start":{"line":202,"column":1},"end":{"line":205,"column":62}},"77":{"start":{"line":212,"column":0},"end":{"line":212,"column":119}},"78":{"start":{"line":218,"column":0},"end":{"line":218,"column":40}},"79":{"start":{"line":224,"column":0},"end":{"line":224,"column":82}},"80":{"start":{"line":228,"column":0},"end":{"line":228,"column":21}}},"branchMap":{"1":{"line":37,"type":"if","locations":[{"start":{"line":37,"column":4},"end":{"line":37,"column":4}},{"start":{"line":37,"column":4},"end":{"line":37,"column":4}}]},"2":{"line":38,"type":"if","locations":[{"start":{"line":38,"column":9},"end":{"line":38,"column":9}},{"start":{"line":38,"column":9},"end":{"line":38,"column":9}}]},"3":{"line":38,"type":"binary-expr","locations":[{"start":{"line":38,"column":12},"end":{"line":38,"column":37}},{"start":{"line":38,"column":41},"end":{"line":38,"column":59}}]}}},"/Users/martingottweis/projects/enduro/server.js":{"path":"/Users/martingottweis/projects/enduro/server.js","s":{"1":1,"2":1,"3":1,"4":1,"5":1,"6":1,"7":1,"8":1,"9":1,"10":1,"11":0,"12":0,"13":0,"14":0,"15":0,"16":0,"17":0,"18":0,"19":0,"20":0,"21":0,"22":0,"23":0,"24":0,"25":0,"26":0,"27":0,"28":0,"29":0,"30":0,"31":0,"32":0,"33":1,"34":1,"35":1,"36":0,"37":1},"b":{"1":[0,0],"2":[0,0],"3":[0,0]},"f":{"1":1,"2":0,"3":0,"4":0,"5":0,"6":0,"7":0,"8":0,"9":1,"10":0},"fnMap":{"1":{"name":"(anonymous_1)","line":24,"loc":{"start":{"line":24,"column":19},"end":{"line":24,"column":31}}},"2":{"name":"(anonymous_2)","line":26,"loc":{"start":{"line":26,"column":29},"end":{"line":26,"column":41}}},"3":{"name":"(anonymous_3)","line":39,"loc":{"start":{"line":39,"column":31},"end":{"line":39,"column":51}}},"4":{"name":"(anonymous_4)","line":40,"loc":{"start":{"line":40,"column":29},"end":{"line":40,"column":39}}},"5":{"name":"(anonymous_5)","line":46,"loc":{"start":{"line":46,"column":25},"end":{"line":46,"column":45}}},"6":{"name":"(anonymous_6)","line":51,"loc":{"start":{"line":51,"column":19},"end":{"line":51,"column":39}}},"7":{"name":"(anonymous_7)","line":57,"loc":{"start":{"line":57,"column":15},"end":{"line":57,"column":35}}},"8":{"name":"(anonymous_8)","line":78,"loc":{"start":{"line":78,"column":29},"end":{"line":78,"column":41}}},"9":{"name":"(anonymous_9)","line":85,"loc":{"start":{"line":85,"column":36},"end":{"line":85,"column":56}}},"10":{"name":"(anonymous_10)","line":90,"loc":{"start":{"line":90,"column":39},"end":{"line":90,"column":51}}}},"statementMap":{"1":{"start":{"line":8,"column":0},"end":{"line":8,"column":32}},"2":{"start":{"line":9,"column":0},"end":{"line":9,"column":19}},"3":{"start":{"line":10,"column":0},"end":{"line":10,"column":43}},"4":{"start":{"line":11,"column":0},"end":{"line":11,"column":47}},"5":{"start":{"line":12,"column":0},"end":{"line":12,"column":47}},"6":{"start":{"line":13,"column":0},"end":{"line":13,"column":40}},"7":{"start":{"line":16,"column":0},"end":{"line":16,"column":25}},"8":{"start":{"line":17,"column":0},"end":{"line":22,"column":3}},"9":{"start":{"line":24,"column":0},"end":{"line":24,"column":33}},"10":{"start":{"line":26,"column":0},"end":{"line":82,"column":1}},"11":{"start":{"line":29,"column":1},"end":{"line":29,"column":25}},"12":{"start":{"line":32,"column":1},"end":{"line":32,"column":44}},"13":{"start":{"line":35,"column":1},"end":{"line":35,"column":64}},"14":{"start":{"line":36,"column":1},"end":{"line":36,"column":62}},"15":{"start":{"line":39,"column":1},"end":{"line":43,"column":4}},"16":{"start":{"line":40,"column":2},"end":{"line":42,"column":4}},"17":{"start":{"line":41,"column":3},"end":{"line":41,"column":70}},"18":{"start":{"line":46,"column":1},"end":{"line":48,"column":4}},"19":{"start":{"line":47,"column":2},"end":{"line":47,"column":27}},"20":{"start":{"line":51,"column":1},"end":{"line":53,"column":4}},"21":{"start":{"line":52,"column":2},"end":{"line":52,"column":29}},"22":{"start":{"line":57,"column":1},"end":{"line":76,"column":4}},"23":{"start":{"line":58,"column":2},"end":{"line":75,"column":3}},"24":{"start":{"line":59,"column":3},"end":{"line":64,"column":6}},"25":{"start":{"line":61,"column":5},"end":{"line":61,"column":22}},"26":{"start":{"line":63,"column":5},"end":{"line":63,"column":34}},"27":{"start":{"line":67,"column":3},"end":{"line":74,"column":6}},"28":{"start":{"line":69,"column":5},"end":{"line":69,"column":59}},"29":{"start":{"line":70,"column":5},"end":{"line":70,"column":60}},"30":{"start":{"line":73,"column":5},"end":{"line":73,"column":57}},"31":{"start":{"line":78,"column":1},"end":{"line":80,"column":4}},"32":{"start":{"line":79,"column":2},"end":{"line":79,"column":38}},"33":{"start":{"line":85,"column":0},"end":{"line":87,"column":1}},"34":{"start":{"line":86,"column":1},"end":{"line":86,"column":49}},"35":{"start":{"line":90,"column":0},"end":{"line":92,"column":1}},"36":{"start":{"line":91,"column":1},"end":{"line":91,"column":35}},"37":{"start":{"line":94,"column":0},"end":{"line":94,"column":35}}},"branchMap":{"1":{"line":32,"type":"binary-expr","locations":[{"start":{"line":32,"column":18},"end":{"line":32,"column":34}},{"start":{"line":32,"column":38},"end":{"line":32,"column":42}}]},"2":{"line":58,"type":"if","locations":[{"start":{"line":58,"column":2},"end":{"line":58,"column":2}},{"start":{"line":58,"column":2},"end":{"line":58,"column":2}}]},"3":{"line":69,"type":"cond-expr","locations":[{"start":{"line":69,"column":41},"end":{"line":69,"column":48}},{"start":{"line":69,"column":51},"end":{"line":69,"column":59}}]}}},"/Users/martingottweis/projects/enduro/libs/admin_api.js":{"path":"/Users/martingottweis/projects/enduro/libs/admin_api.js","s":{"1":1,"2":1,"3":0,"4":0,"5":1},"b":{},"f":{"1":1,"2":0},"fnMap":{"1":{"name":"(anonymous_1)","line":1,"loc":{"start":{"line":1,"column":15},"end":{"line":1,"column":27}}},"2":{"name":"(anonymous_2)","line":4,"loc":{"start":{"line":4,"column":26},"end":{"line":4,"column":44}}}},"statementMap":{"1":{"start":{"line":1,"column":0},"end":{"line":1,"column":29}},"2":{"start":{"line":4,"column":0},"end":{"line":11,"column":1}},"3":{"start":{"line":7,"column":1},"end":{"line":7,"column":60}},"4":{"start":{"line":10,"column":1},"end":{"line":10,"column":75}},"5":{"start":{"line":13,"column":0},"end":{"line":13,"column":31}}},"branchMap":{}},"/Users/martingottweis/projects/enduro/libs/website_api.js":{"path":"/Users/martingottweis/projects/enduro/libs/website_api.js","s":{"1":1,"2":1,"3":0,"4":0,"5":1},"b":{},"f":{"1":1,"2":0},"fnMap":{"1":{"name":"(anonymous_1)","line":1,"loc":{"start":{"line":1,"column":17},"end":{"line":1,"column":29}}},"2":{"name":"(anonymous_2)","line":4,"loc":{"start":{"line":4,"column":28},"end":{"line":4,"column":46}}}},"statementMap":{"1":{"start":{"line":1,"column":0},"end":{"line":1,"column":31}},"2":{"start":{"line":4,"column":0},"end":{"line":11,"column":1}},"3":{"start":{"line":7,"column":1},"end":{"line":7,"column":54}},"4":{"start":{"line":10,"column":1},"end":{"line":10,"column":83}},"5":{"start":{"line":13,"column":0},"end":{"line":13,"column":33}}},"branchMap":{}}}